2024-12-01 18:30:52 info: Congratulations, your extension "Embold" is now active!
2024-12-01 18:30:52 info: tempDirectory : /Users/paulinkubwira/.vscode/extensions/embold-vscode.embold-0.1.8/temp
2024-12-01 18:30:53 info: Extraction complete for source: /Users/paulinkubwira/.vscode/extensions/embold-vscode.embold-0.1.8/resources/embold-scanner-archive.zip, destination: /Users/paulinkubwira/.vscode/extensions/embold-vscode.embold-0.1.8/temp
2024-12-01 18:30:53 info: Extension installed on machine OS : darwin
2024-12-01 18:30:53 info: Fetched the issues from DB
2024-12-01 18:30:54 info: Java version installed on machine : 
openjdk version "17.0.3" 2022-04-19
OpenJDK Runtime Environment Temurin-17.0.3+7 (build 17.0.3+7)
OpenJDK 64-Bit Server VM Temurin-17.0.3+7 (build 17.0.3+7, mixed mode, sharing)

2024-12-01 18:30:54 info: Java installed on machine.
2024-12-01 18:30:54 info: Embold extension version response:{"hasSupport":false,"version":"0.1.6","changeNotes":"<div> <p>Release Date: 09 Oct, 2023 <br><span>Bug fixes and improvements.</span></p> </div>"}
2024-12-01 18:30:54 info: Current installed embold extension version : 0.1.8
2024-12-01 18:30:54 info: Latest embold extension version on marketplace : 0.1.6
2024-12-01 18:31:26 info: Row(s) deleted
2024-12-01 18:34:18 info: Row(s) deleted
2024-12-01 18:36:55 info: Row(s) deleted
2024-12-01 18:37:47 info: Row(s) deleted
2024-12-01 18:38:26 info: Row(s) deleted
2024-12-01 18:38:26 info: Row(s) deleted
2024-12-01 18:38:26 info: Row(s) deleted
2024-12-01 18:38:37 info: Row(s) deleted
2024-12-01 18:38:37 info: Row(s) deleted
2024-12-01 18:38:37 info: Row(s) deleted
2024-12-01 18:38:59 info: Row(s) deleted
2024-12-01 18:39:05 info: Row(s) deleted
